[0.745s] DEBUG:colcon:Command line arguments: ['/usr/bin/colcon', 'build']
[0.745s] DEBUG:colcon:Parsed command line arguments: Namespace(log_base=None, log_level=None, verb_name='build', build_base='build', install_base='install', merge_install=False, symlink_install=False, test_result_base=None, continue_on_error=False, executor='parallel', parallel_workers=8, event_handlers=None, ignore_user_meta=False, metas=['./colcon.meta'], base_paths=['.'], packages_ignore=None, packages_ignore_regex=None, paths=None, packages_up_to=None, packages_up_to_regex=None, packages_above=None, packages_above_and_dependencies=None, packages_above_depth=None, packages_select_by_dep=None, packages_skip_by_dep=None, packages_skip_up_to=None, packages_select_build_failed=False, packages_skip_build_finished=False, packages_select_test_failures=False, packages_skip_test_passed=False, packages_select=None, packages_skip=None, packages_select_regex=None, packages_skip_regex=None, packages_start=None, packages_end=None, allow_overriding=[], cmake_args=None, cmake_target=None, cmake_target_skip_unavailable=False, cmake_clean_cache=False, cmake_clean_first=False, cmake_force_configure=False, ament_cmake_args=None, catkin_cmake_args=None, catkin_skip_building_tests=False, verb_parser=<colcon_defaults.argument_parser.defaults.DefaultArgumentsDecorator object at 0x7d47eff511b0>, verb_extension=<colcon_core.verb.build.BuildVerb object at 0x7d47eff50d60>, main=<bound method BuildVerb.main of <colcon_core.verb.build.BuildVerb object at 0x7d47eff50d60>>)
[2.016s] Level 1:colcon.colcon_core.package_discovery:discover_packages(colcon_meta) check parameters
[2.016s] Level 1:colcon.colcon_core.package_discovery:discover_packages(recursive) check parameters
[2.016s] Level 1:colcon.colcon_core.package_discovery:discover_packages(ignore) check parameters
[2.017s] Level 1:colcon.colcon_core.package_discovery:discover_packages(path) check parameters
[2.017s] Level 1:colcon.colcon_core.package_discovery:discover_packages(colcon_meta) discover
[2.017s] Level 1:colcon.colcon_core.package_discovery:discover_packages(recursive) discover
[2.017s] INFO:colcon.colcon_core.package_discovery:Crawling recursively for packages in '/home/mohamed/auto_ws'
[2.017s] Level 1:colcon.colcon_core.package_identification:_identify(.) by extensions ['ignore', 'ignore_ament_install']
[2.017s] Level 1:colcon.colcon_core.package_identification:_identify(.) by extension 'ignore'
[2.017s] Level 1:colcon.colcon_core.package_identification:_identify(.) by extension 'ignore_ament_install'
[2.017s] Level 1:colcon.colcon_core.package_identification:_identify(.) by extensions ['colcon_pkg']
[2.017s] Level 1:colcon.colcon_core.package_identification:_identify(.) by extension 'colcon_pkg'
[2.017s] Level 1:colcon.colcon_core.package_identification:_identify(.) by extensions ['colcon_meta']
[2.017s] Level 1:colcon.colcon_core.package_identification:_identify(.) by extension 'colcon_meta'
[2.017s] Level 1:colcon.colcon_core.package_identification:_identify(.) by extensions ['ros']
[2.017s] Level 1:colcon.colcon_core.package_identification:_identify(.) by extension 'ros'
[2.104s] Level 1:colcon.colcon_core.package_identification:_identify(.) by extensions ['cmake', 'python']
[2.104s] Level 1:colcon.colcon_core.package_identification:_identify(.) by extension 'cmake'
[2.104s] Level 1:colcon.colcon_core.package_identification:_identify(.) by extension 'python'
[2.104s] Level 1:colcon.colcon_core.package_identification:_identify(.) by extensions ['python_setup_py']
[2.104s] Level 1:colcon.colcon_core.package_identification:_identify(.) by extension 'python_setup_py'
[2.104s] Level 1:colcon.colcon_core.package_identification:_identify(build) by extensions ['ignore', 'ignore_ament_install']
[2.104s] Level 1:colcon.colcon_core.package_identification:_identify(build) by extension 'ignore'
[2.104s] Level 1:colcon.colcon_core.package_identification:_identify(build) ignored
[2.104s] Level 1:colcon.colcon_core.package_identification:_identify(install) by extensions ['ignore', 'ignore_ament_install']
[2.105s] Level 1:colcon.colcon_core.package_identification:_identify(install) by extension 'ignore'
[2.105s] Level 1:colcon.colcon_core.package_identification:_identify(install) ignored
[2.105s] Level 1:colcon.colcon_core.package_identification:_identify(log) by extensions ['ignore', 'ignore_ament_install']
[2.105s] Level 1:colcon.colcon_core.package_identification:_identify(log) by extension 'ignore'
[2.105s] Level 1:colcon.colcon_core.package_identification:_identify(log) ignored
[2.105s] Level 1:colcon.colcon_core.package_identification:_identify(src) by extensions ['ignore', 'ignore_ament_install']
[2.105s] Level 1:colcon.colcon_core.package_identification:_identify(src) by extension 'ignore'
[2.105s] Level 1:colcon.colcon_core.package_identification:_identify(src) by extension 'ignore_ament_install'
[2.105s] Level 1:colcon.colcon_core.package_identification:_identify(src) by extensions ['colcon_pkg']
[2.105s] Level 1:colcon.colcon_core.package_identification:_identify(src) by extension 'colcon_pkg'
[2.105s] Level 1:colcon.colcon_core.package_identification:_identify(src) by extensions ['colcon_meta']
[2.105s] Level 1:colcon.colcon_core.package_identification:_identify(src) by extension 'colcon_meta'
[2.105s] Level 1:colcon.colcon_core.package_identification:_identify(src) by extensions ['ros']
[2.105s] Level 1:colcon.colcon_core.package_identification:_identify(src) by extension 'ros'
[2.105s] Level 1:colcon.colcon_core.package_identification:_identify(src) by extensions ['cmake', 'python']
[2.105s] Level 1:colcon.colcon_core.package_identification:_identify(src) by extension 'cmake'
[2.105s] Level 1:colcon.colcon_core.package_identification:_identify(src) by extension 'python'
[2.105s] Level 1:colcon.colcon_core.package_identification:_identify(src) by extensions ['python_setup_py']
[2.105s] Level 1:colcon.colcon_core.package_identification:_identify(src) by extension 'python_setup_py'
[2.106s] Level 1:colcon.colcon_core.package_identification:_identify(src/articubot_one) by extensions ['ignore', 'ignore_ament_install']
[2.106s] Level 1:colcon.colcon_core.package_identification:_identify(src/articubot_one) by extension 'ignore'
[2.106s] Level 1:colcon.colcon_core.package_identification:_identify(src/articubot_one) by extension 'ignore_ament_install'
[2.106s] Level 1:colcon.colcon_core.package_identification:_identify(src/articubot_one) by extensions ['colcon_pkg']
[2.106s] Level 1:colcon.colcon_core.package_identification:_identify(src/articubot_one) by extension 'colcon_pkg'
[2.106s] Level 1:colcon.colcon_core.package_identification:_identify(src/articubot_one) by extensions ['colcon_meta']
[2.106s] Level 1:colcon.colcon_core.package_identification:_identify(src/articubot_one) by extension 'colcon_meta'
[2.106s] Level 1:colcon.colcon_core.package_identification:_identify(src/articubot_one) by extensions ['ros']
[2.106s] Level 1:colcon.colcon_core.package_identification:_identify(src/articubot_one) by extension 'ros'
[2.137s] DEBUG:colcon.colcon_core.package_identification:Package 'src/articubot_one' with type 'ros.ament_cmake' and name 'articubot_one'
[2.137s] Level 1:colcon.colcon_core.package_identification:_identify(src/warehouse_robot_controller_pkg) by extensions ['ignore', 'ignore_ament_install']
[2.137s] Level 1:colcon.colcon_core.package_identification:_identify(src/warehouse_robot_controller_pkg) by extension 'ignore'
[2.137s] Level 1:colcon.colcon_core.package_identification:_identify(src/warehouse_robot_controller_pkg) by extension 'ignore_ament_install'
[2.137s] Level 1:colcon.colcon_core.package_identification:_identify(src/warehouse_robot_controller_pkg) by extensions ['colcon_pkg']
[2.137s] Level 1:colcon.colcon_core.package_identification:_identify(src/warehouse_robot_controller_pkg) by extension 'colcon_pkg'
[2.137s] Level 1:colcon.colcon_core.package_identification:_identify(src/warehouse_robot_controller_pkg) by extensions ['colcon_meta']
[2.137s] Level 1:colcon.colcon_core.package_identification:_identify(src/warehouse_robot_controller_pkg) by extension 'colcon_meta'
[2.137s] Level 1:colcon.colcon_core.package_identification:_identify(src/warehouse_robot_controller_pkg) by extensions ['ros']
[2.137s] Level 1:colcon.colcon_core.package_identification:_identify(src/warehouse_robot_controller_pkg) by extension 'ros'
[2.138s] DEBUG:colcon.colcon_core.package_identification:Package 'src/warehouse_robot_controller_pkg' with type 'ros.ament_python' and name 'warehouse_robot_controller_pkg'
[2.138s] Level 1:colcon.colcon_core.package_identification:_identify(src/warehouse_robot_spawner_pkg) by extensions ['ignore', 'ignore_ament_install']
[2.138s] Level 1:colcon.colcon_core.package_identification:_identify(src/warehouse_robot_spawner_pkg) by extension 'ignore'
[2.138s] Level 1:colcon.colcon_core.package_identification:_identify(src/warehouse_robot_spawner_pkg) by extension 'ignore_ament_install'
[2.138s] Level 1:colcon.colcon_core.package_identification:_identify(src/warehouse_robot_spawner_pkg) by extensions ['colcon_pkg']
[2.138s] Level 1:colcon.colcon_core.package_identification:_identify(src/warehouse_robot_spawner_pkg) by extension 'colcon_pkg'
[2.138s] Level 1:colcon.colcon_core.package_identification:_identify(src/warehouse_robot_spawner_pkg) by extensions ['colcon_meta']
[2.138s] Level 1:colcon.colcon_core.package_identification:_identify(src/warehouse_robot_spawner_pkg) by extension 'colcon_meta'
[2.138s] Level 1:colcon.colcon_core.package_identification:_identify(src/warehouse_robot_spawner_pkg) by extensions ['ros']
[2.138s] Level 1:colcon.colcon_core.package_identification:_identify(src/warehouse_robot_spawner_pkg) by extension 'ros'
[2.139s] DEBUG:colcon.colcon_core.package_identification:Package 'src/warehouse_robot_spawner_pkg' with type 'ros.ament_python' and name 'warehouse_robot_spawner_pkg'
[2.139s] Level 1:colcon.colcon_core.package_discovery:discover_packages(recursive) using defaults
[2.139s] Level 1:colcon.colcon_core.package_discovery:discover_packages(ignore) discover
[2.139s] Level 1:colcon.colcon_core.package_discovery:discover_packages(ignore) using defaults
[2.139s] Level 1:colcon.colcon_core.package_discovery:discover_packages(path) discover
[2.139s] Level 1:colcon.colcon_core.package_discovery:discover_packages(path) using defaults
[2.393s] Level 1:colcon.colcon_core.package_discovery:discover_packages(prefix_path) check parameters
[2.393s] Level 1:colcon.colcon_core.package_discovery:discover_packages(prefix_path) discover
[2.405s] DEBUG:colcon.colcon_installed_package_information.package_discovery:Found 1 installed packages in /home/mohamed/auto_ws/install
[2.422s] DEBUG:colcon.colcon_installed_package_information.package_discovery:Found 2 installed packages in /home/mohamed/dev_ws/install
[2.426s] DEBUG:colcon.colcon_installed_package_information.package_discovery:Found 387 installed packages in /opt/ros/humble
[2.442s] Level 1:colcon.colcon_core.package_discovery:discover_packages(prefix_path) using defaults
[2.610s] Level 5:colcon.colcon_core.verb:set package 'articubot_one' build argument 'cmake_args' from command line to 'None'
[2.610s] Level 5:colcon.colcon_core.verb:set package 'articubot_one' build argument 'cmake_target' from command line to 'None'
[2.611s] Level 5:colcon.colcon_core.verb:set package 'articubot_one' build argument 'cmake_target_skip_unavailable' from command line to 'False'
[2.611s] Level 5:colcon.colcon_core.verb:set package 'articubot_one' build argument 'cmake_clean_cache' from command line to 'False'
[2.611s] Level 5:colcon.colcon_core.verb:set package 'articubot_one' build argument 'cmake_clean_first' from command line to 'False'
[2.611s] Level 5:colcon.colcon_core.verb:set package 'articubot_one' build argument 'cmake_force_configure' from command line to 'False'
[2.611s] Level 5:colcon.colcon_core.verb:set package 'articubot_one' build argument 'ament_cmake_args' from command line to 'None'
[2.611s] Level 5:colcon.colcon_core.verb:set package 'articubot_one' build argument 'catkin_cmake_args' from command line to 'None'
[2.611s] Level 5:colcon.colcon_core.verb:set package 'articubot_one' build argument 'catkin_skip_building_tests' from command line to 'False'
[2.611s] DEBUG:colcon.colcon_core.verb:Building package 'articubot_one' with the following arguments: {'ament_cmake_args': None, 'build_base': '/home/mohamed/auto_ws/build/articubot_one', 'catkin_cmake_args': None, 'catkin_skip_building_tests': False, 'cmake_args': None, 'cmake_clean_cache': False, 'cmake_clean_first': False, 'cmake_force_configure': False, 'cmake_target': None, 'cmake_target_skip_unavailable': False, 'install_base': '/home/mohamed/auto_ws/install/articubot_one', 'merge_install': False, 'path': '/home/mohamed/auto_ws/src/articubot_one', 'symlink_install': False, 'test_result_base': None}
[2.611s] Level 5:colcon.colcon_core.verb:set package 'warehouse_robot_controller_pkg' build argument 'cmake_args' from command line to 'None'
[2.611s] Level 5:colcon.colcon_core.verb:set package 'warehouse_robot_controller_pkg' build argument 'cmake_target' from command line to 'None'
[2.611s] Level 5:colcon.colcon_core.verb:set package 'warehouse_robot_controller_pkg' build argument 'cmake_target_skip_unavailable' from command line to 'False'
[2.611s] Level 5:colcon.colcon_core.verb:set package 'warehouse_robot_controller_pkg' build argument 'cmake_clean_cache' from command line to 'False'
[2.611s] Level 5:colcon.colcon_core.verb:set package 'warehouse_robot_controller_pkg' build argument 'cmake_clean_first' from command line to 'False'
[2.611s] Level 5:colcon.colcon_core.verb:set package 'warehouse_robot_controller_pkg' build argument 'cmake_force_configure' from command line to 'False'
[2.611s] Level 5:colcon.colcon_core.verb:set package 'warehouse_robot_controller_pkg' build argument 'ament_cmake_args' from command line to 'None'
[2.611s] Level 5:colcon.colcon_core.verb:set package 'warehouse_robot_controller_pkg' build argument 'catkin_cmake_args' from command line to 'None'
[2.611s] Level 5:colcon.colcon_core.verb:set package 'warehouse_robot_controller_pkg' build argument 'catkin_skip_building_tests' from command line to 'False'
[2.611s] DEBUG:colcon.colcon_core.verb:Building package 'warehouse_robot_controller_pkg' with the following arguments: {'ament_cmake_args': None, 'build_base': '/home/mohamed/auto_ws/build/warehouse_robot_controller_pkg', 'catkin_cmake_args': None, 'catkin_skip_building_tests': False, 'cmake_args': None, 'cmake_clean_cache': False, 'cmake_clean_first': False, 'cmake_force_configure': False, 'cmake_target': None, 'cmake_target_skip_unavailable': False, 'install_base': '/home/mohamed/auto_ws/install/warehouse_robot_controller_pkg', 'merge_install': False, 'path': '/home/mohamed/auto_ws/src/warehouse_robot_controller_pkg', 'symlink_install': False, 'test_result_base': None}
[2.612s] Level 5:colcon.colcon_core.verb:set package 'warehouse_robot_spawner_pkg' build argument 'cmake_args' from command line to 'None'
[2.612s] Level 5:colcon.colcon_core.verb:set package 'warehouse_robot_spawner_pkg' build argument 'cmake_target' from command line to 'None'
[2.612s] Level 5:colcon.colcon_core.verb:set package 'warehouse_robot_spawner_pkg' build argument 'cmake_target_skip_unavailable' from command line to 'False'
[2.612s] Level 5:colcon.colcon_core.verb:set package 'warehouse_robot_spawner_pkg' build argument 'cmake_clean_cache' from command line to 'False'
[2.612s] Level 5:colcon.colcon_core.verb:set package 'warehouse_robot_spawner_pkg' build argument 'cmake_clean_first' from command line to 'False'
[2.612s] Level 5:colcon.colcon_core.verb:set package 'warehouse_robot_spawner_pkg' build argument 'cmake_force_configure' from command line to 'False'
[2.612s] Level 5:colcon.colcon_core.verb:set package 'warehouse_robot_spawner_pkg' build argument 'ament_cmake_args' from command line to 'None'
[2.612s] Level 5:colcon.colcon_core.verb:set package 'warehouse_robot_spawner_pkg' build argument 'catkin_cmake_args' from command line to 'None'
[2.612s] Level 5:colcon.colcon_core.verb:set package 'warehouse_robot_spawner_pkg' build argument 'catkin_skip_building_tests' from command line to 'False'
[2.612s] DEBUG:colcon.colcon_core.verb:Building package 'warehouse_robot_spawner_pkg' with the following arguments: {'ament_cmake_args': None, 'build_base': '/home/mohamed/auto_ws/build/warehouse_robot_spawner_pkg', 'catkin_cmake_args': None, 'catkin_skip_building_tests': False, 'cmake_args': None, 'cmake_clean_cache': False, 'cmake_clean_first': False, 'cmake_force_configure': False, 'cmake_target': None, 'cmake_target_skip_unavailable': False, 'install_base': '/home/mohamed/auto_ws/install/warehouse_robot_spawner_pkg', 'merge_install': False, 'path': '/home/mohamed/auto_ws/src/warehouse_robot_spawner_pkg', 'symlink_install': False, 'test_result_base': None}
[2.612s] INFO:colcon.colcon_core.executor:Executing jobs using 'parallel' executor
[2.613s] DEBUG:colcon.colcon_parallel_executor.executor.parallel:run_until_complete
[2.613s] INFO:colcon.colcon_ros.task.ament_cmake.build:Building ROS package in '/home/mohamed/auto_ws/src/articubot_one' with build type 'ament_cmake'
[2.613s] INFO:colcon.colcon_cmake.task.cmake.build:Building CMake package in '/home/mohamed/auto_ws/src/articubot_one'
[2.666s] INFO:colcon.colcon_core.plugin_system:Skipping extension 'colcon_core.shell.bat': Not used on non-Windows systems
[2.666s] INFO:colcon.colcon_core.shell:Skip shell extension 'powershell' for command environment: Not usable outside of PowerShell
[2.666s] DEBUG:colcon.colcon_core.shell:Skip shell extension 'dsv' for command environment
[2.683s] INFO:colcon.colcon_ros.task.ament_python.build:Building ROS package in '/home/mohamed/auto_ws/src/warehouse_robot_controller_pkg' with build type 'ament_python'
[2.684s] Level 1:colcon.colcon_core.shell:create_environment_hook('warehouse_robot_controller_pkg', 'ament_prefix_path')
[2.684s] INFO:colcon.colcon_core.shell:Creating environment hook '/home/mohamed/auto_ws/install/warehouse_robot_controller_pkg/share/warehouse_robot_controller_pkg/hook/ament_prefix_path.ps1'
[2.686s] INFO:colcon.colcon_core.shell:Creating environment descriptor '/home/mohamed/auto_ws/install/warehouse_robot_controller_pkg/share/warehouse_robot_controller_pkg/hook/ament_prefix_path.dsv'
[2.686s] INFO:colcon.colcon_core.shell:Creating environment hook '/home/mohamed/auto_ws/install/warehouse_robot_controller_pkg/share/warehouse_robot_controller_pkg/hook/ament_prefix_path.sh'
[2.687s] INFO:colcon.colcon_core.shell:Skip shell extension 'powershell' for command environment: Not usable outside of PowerShell
[2.687s] DEBUG:colcon.colcon_core.shell:Skip shell extension 'dsv' for command environment
[2.691s] INFO:colcon.colcon_ros.task.ament_python.build:Building ROS package in '/home/mohamed/auto_ws/src/warehouse_robot_spawner_pkg' with build type 'ament_python'
[2.691s] Level 1:colcon.colcon_core.shell:create_environment_hook('warehouse_robot_spawner_pkg', 'ament_prefix_path')
[2.691s] INFO:colcon.colcon_core.shell:Creating environment hook '/home/mohamed/auto_ws/install/warehouse_robot_spawner_pkg/share/warehouse_robot_spawner_pkg/hook/ament_prefix_path.ps1'
[2.692s] INFO:colcon.colcon_core.shell:Creating environment descriptor '/home/mohamed/auto_ws/install/warehouse_robot_spawner_pkg/share/warehouse_robot_spawner_pkg/hook/ament_prefix_path.dsv'
[2.692s] INFO:colcon.colcon_core.shell:Creating environment hook '/home/mohamed/auto_ws/install/warehouse_robot_spawner_pkg/share/warehouse_robot_spawner_pkg/hook/ament_prefix_path.sh'
[2.692s] INFO:colcon.colcon_core.shell:Skip shell extension 'powershell' for command environment: Not usable outside of PowerShell
[2.692s] DEBUG:colcon.colcon_core.shell:Skip shell extension 'dsv' for command environment
[2.702s] DEBUG:colcon.colcon_core.event_handler.log_command:Invoking command in '/home/mohamed/auto_ws/build/articubot_one': CMAKE_PREFIX_PATH=${CMAKE_PREFIX_PATH}:/home/mohamed/dev_ws/install/warehouse_robot_spawner_pkg:/home/mohamed/dev_ws/install/warehouse_robot_controller_pkg:/opt/ros/humble /usr/bin/cmake /home/mohamed/auto_ws/src/articubot_one -DCMAKE_INSTALL_PREFIX=/home/mohamed/auto_ws/install/articubot_one
[3.197s] INFO:colcon.colcon_core.task.python.build:Building Python package in '/home/mohamed/auto_ws/src/warehouse_robot_controller_pkg'
[3.197s] INFO:colcon.colcon_core.shell:Skip shell extension 'powershell' for command environment: Not usable outside of PowerShell
[3.197s] DEBUG:colcon.colcon_core.shell:Skip shell extension 'dsv' for command environment
[3.472s] INFO:colcon.colcon_core.task.python.build:Building Python package in '/home/mohamed/auto_ws/src/warehouse_robot_spawner_pkg'
[3.472s] INFO:colcon.colcon_core.shell:Skip shell extension 'powershell' for command environment: Not usable outside of PowerShell
[3.472s] DEBUG:colcon.colcon_core.shell:Skip shell extension 'dsv' for command environment
[4.918s] DEBUG:colcon.colcon_core.event_handler.log_command:Invoked command in '/home/mohamed/auto_ws/build/articubot_one' returned '0': CMAKE_PREFIX_PATH=${CMAKE_PREFIX_PATH}:/home/mohamed/dev_ws/install/warehouse_robot_spawner_pkg:/home/mohamed/dev_ws/install/warehouse_robot_controller_pkg:/opt/ros/humble /usr/bin/cmake /home/mohamed/auto_ws/src/articubot_one -DCMAKE_INSTALL_PREFIX=/home/mohamed/auto_ws/install/articubot_one
[4.921s] DEBUG:colcon.colcon_core.event_handler.log_command:Invoking command in '/home/mohamed/auto_ws/build/articubot_one': CMAKE_PREFIX_PATH=${CMAKE_PREFIX_PATH}:/home/mohamed/dev_ws/install/warehouse_robot_spawner_pkg:/home/mohamed/dev_ws/install/warehouse_robot_controller_pkg:/opt/ros/humble /usr/bin/cmake --build /home/mohamed/auto_ws/build/articubot_one -- -j8 -l8
[4.981s] DEBUG:colcon.colcon_core.event_handler.log_command:Invoked command in '/home/mohamed/auto_ws/build/articubot_one' returned '0': CMAKE_PREFIX_PATH=${CMAKE_PREFIX_PATH}:/home/mohamed/dev_ws/install/warehouse_robot_spawner_pkg:/home/mohamed/dev_ws/install/warehouse_robot_controller_pkg:/opt/ros/humble /usr/bin/cmake --build /home/mohamed/auto_ws/build/articubot_one -- -j8 -l8
[5.015s] DEBUG:colcon.colcon_core.event_handler.log_command:Invoking command in '/home/mohamed/auto_ws/build/articubot_one': CMAKE_PREFIX_PATH=${CMAKE_PREFIX_PATH}:/home/mohamed/dev_ws/install/warehouse_robot_spawner_pkg:/home/mohamed/dev_ws/install/warehouse_robot_controller_pkg:/opt/ros/humble /usr/bin/cmake --install /home/mohamed/auto_ws/build/articubot_one
[5.060s] Level 1:colcon.colcon_core.environment:create_environment_scripts_only(articubot_one)
[5.061s] DEBUG:colcon.colcon_core.event_handler.log_command:Invoked command in '/home/mohamed/auto_ws/build/articubot_one' returned '0': CMAKE_PREFIX_PATH=${CMAKE_PREFIX_PATH}:/home/mohamed/dev_ws/install/warehouse_robot_spawner_pkg:/home/mohamed/dev_ws/install/warehouse_robot_controller_pkg:/opt/ros/humble /usr/bin/cmake --install /home/mohamed/auto_ws/build/articubot_one
[5.136s] Level 1:colcon.colcon_core.environment:checking '/home/mohamed/auto_ws/install/articubot_one' for CMake module files
[5.137s] Level 1:colcon.colcon_core.environment:checking '/home/mohamed/auto_ws/install/articubot_one' for CMake config files
[5.137s] Level 1:colcon.colcon_core.shell:create_environment_hook('articubot_one', 'cmake_prefix_path')
[5.137s] INFO:colcon.colcon_core.shell:Creating environment hook '/home/mohamed/auto_ws/install/articubot_one/share/articubot_one/hook/cmake_prefix_path.ps1'
[5.138s] INFO:colcon.colcon_core.shell:Creating environment descriptor '/home/mohamed/auto_ws/install/articubot_one/share/articubot_one/hook/cmake_prefix_path.dsv'
[5.138s] INFO:colcon.colcon_core.shell:Creating environment hook '/home/mohamed/auto_ws/install/articubot_one/share/articubot_one/hook/cmake_prefix_path.sh'
[5.139s] Level 1:colcon.colcon_core.environment:checking '/home/mohamed/auto_ws/install/articubot_one/bin'
[5.140s] Level 1:colcon.colcon_core.environment:checking '/home/mohamed/auto_ws/install/articubot_one/lib/pkgconfig/articubot_one.pc'
[5.140s] Level 1:colcon.colcon_core.environment:checking '/home/mohamed/auto_ws/install/articubot_one/lib/python3.10/site-packages'
[5.140s] Level 1:colcon.colcon_core.environment:checking '/home/mohamed/auto_ws/install/articubot_one/bin'
[5.141s] INFO:colcon.colcon_core.shell:Creating package script '/home/mohamed/auto_ws/install/articubot_one/share/articubot_one/package.ps1'
[5.142s] INFO:colcon.colcon_core.shell:Creating package descriptor '/home/mohamed/auto_ws/install/articubot_one/share/articubot_one/package.dsv'
[5.142s] INFO:colcon.colcon_core.shell:Creating package script '/home/mohamed/auto_ws/install/articubot_one/share/articubot_one/package.sh'
[5.143s] INFO:colcon.colcon_core.shell:Creating package script '/home/mohamed/auto_ws/install/articubot_one/share/articubot_one/package.bash'
[5.145s] INFO:colcon.colcon_core.shell:Creating package script '/home/mohamed/auto_ws/install/articubot_one/share/articubot_one/package.zsh'
[5.147s] Level 1:colcon.colcon_core.environment:create_file_with_runtime_dependencies(/home/mohamed/auto_ws/install/articubot_one/share/colcon-core/packages/articubot_one)
[5.171s] Level 1:colcon.colcon_core.environment:create_environment_scripts_only(articubot_one)
[5.171s] Level 1:colcon.colcon_core.environment:checking '/home/mohamed/auto_ws/install/articubot_one' for CMake module files
[5.171s] Level 1:colcon.colcon_core.environment:checking '/home/mohamed/auto_ws/install/articubot_one' for CMake config files
[5.172s] Level 1:colcon.colcon_core.shell:create_environment_hook('articubot_one', 'cmake_prefix_path')
[5.172s] INFO:colcon.colcon_core.shell:Creating environment hook '/home/mohamed/auto_ws/install/articubot_one/share/articubot_one/hook/cmake_prefix_path.ps1'
[5.186s] INFO:colcon.colcon_core.shell:Creating environment descriptor '/home/mohamed/auto_ws/install/articubot_one/share/articubot_one/hook/cmake_prefix_path.dsv'
[5.186s] INFO:colcon.colcon_core.shell:Creating environment hook '/home/mohamed/auto_ws/install/articubot_one/share/articubot_one/hook/cmake_prefix_path.sh'
[5.187s] Level 1:colcon.colcon_core.environment:checking '/home/mohamed/auto_ws/install/articubot_one/bin'
[5.187s] Level 1:colcon.colcon_core.environment:checking '/home/mohamed/auto_ws/install/articubot_one/lib/pkgconfig/articubot_one.pc'
[5.188s] Level 1:colcon.colcon_core.environment:checking '/home/mohamed/auto_ws/install/articubot_one/lib/python3.10/site-packages'
[5.188s] Level 1:colcon.colcon_core.environment:checking '/home/mohamed/auto_ws/install/articubot_one/bin'
[5.188s] INFO:colcon.colcon_core.shell:Creating package script '/home/mohamed/auto_ws/install/articubot_one/share/articubot_one/package.ps1'
[5.189s] INFO:colcon.colcon_core.shell:Creating package descriptor '/home/mohamed/auto_ws/install/articubot_one/share/articubot_one/package.dsv'
[5.189s] INFO:colcon.colcon_core.shell:Creating package script '/home/mohamed/auto_ws/install/articubot_one/share/articubot_one/package.sh'
[5.190s] INFO:colcon.colcon_core.shell:Creating package script '/home/mohamed/auto_ws/install/articubot_one/share/articubot_one/package.bash'
[5.191s] INFO:colcon.colcon_core.shell:Creating package script '/home/mohamed/auto_ws/install/articubot_one/share/articubot_one/package.zsh'
[5.192s] Level 1:colcon.colcon_core.environment:create_file_with_runtime_dependencies(/home/mohamed/auto_ws/install/articubot_one/share/colcon-core/packages/articubot_one)
[5.946s] DEBUG:colcon.colcon_core.event_handler.log_command:Invoking command in '/home/mohamed/auto_ws/src/warehouse_robot_spawner_pkg': PYTHONPATH=/home/mohamed/auto_ws/build/warehouse_robot_spawner_pkg/prefix_override:/usr/lib/python3/dist-packages/colcon_core/task/python/colcon_distutils_commands:/home/mohamed/auto_ws/install/warehouse_robot_spawner_pkg/lib/python3.10/site-packages:${PYTHONPATH} /usr/bin/python3 -W ignore:setup.py install is deprecated setup.py egg_info --egg-base ../../build/warehouse_robot_spawner_pkg build --build-base /home/mohamed/auto_ws/build/warehouse_robot_spawner_pkg/build install --record /home/mohamed/auto_ws/build/warehouse_robot_spawner_pkg/install.log --single-version-externally-managed install_data
[5.947s] DEBUG:colcon.colcon_core.event_handler.log_command:Invoking command in '/home/mohamed/auto_ws/src/warehouse_robot_controller_pkg': PYTHONPATH=/home/mohamed/auto_ws/build/warehouse_robot_controller_pkg/prefix_override:/usr/lib/python3/dist-packages/colcon_core/task/python/colcon_distutils_commands:/home/mohamed/auto_ws/install/warehouse_robot_controller_pkg/lib/python3.10/site-packages:${PYTHONPATH} /usr/bin/python3 -W ignore:setup.py install is deprecated setup.py egg_info --egg-base ../../build/warehouse_robot_controller_pkg build --build-base /home/mohamed/auto_ws/build/warehouse_robot_controller_pkg/build install --record /home/mohamed/auto_ws/build/warehouse_robot_controller_pkg/install.log --single-version-externally-managed install_data
[6.330s] Level 1:colcon.colcon_core.environment:checking '/home/mohamed/auto_ws/install/warehouse_robot_controller_pkg' for CMake module files
[6.331s] DEBUG:colcon.colcon_core.event_handler.log_command:Invoked command in '/home/mohamed/auto_ws/src/warehouse_robot_controller_pkg' returned '0': PYTHONPATH=/home/mohamed/auto_ws/build/warehouse_robot_controller_pkg/prefix_override:/usr/lib/python3/dist-packages/colcon_core/task/python/colcon_distutils_commands:/home/mohamed/auto_ws/install/warehouse_robot_controller_pkg/lib/python3.10/site-packages:${PYTHONPATH} /usr/bin/python3 -W ignore:setup.py install is deprecated setup.py egg_info --egg-base ../../build/warehouse_robot_controller_pkg build --build-base /home/mohamed/auto_ws/build/warehouse_robot_controller_pkg/build install --record /home/mohamed/auto_ws/build/warehouse_robot_controller_pkg/install.log --single-version-externally-managed install_data
[6.331s] Level 1:colcon.colcon_core.environment:checking '/home/mohamed/auto_ws/install/warehouse_robot_controller_pkg' for CMake config files
[6.332s] Level 1:colcon.colcon_core.environment:checking '/home/mohamed/auto_ws/install/warehouse_robot_controller_pkg/lib'
[6.332s] Level 1:colcon.colcon_core.environment:checking '/home/mohamed/auto_ws/install/warehouse_robot_controller_pkg/bin'
[6.332s] Level 1:colcon.colcon_core.environment:checking '/home/mohamed/auto_ws/install/warehouse_robot_controller_pkg/lib/pkgconfig/warehouse_robot_controller_pkg.pc'
[6.332s] Level 1:colcon.colcon_core.environment:checking '/home/mohamed/auto_ws/install/warehouse_robot_controller_pkg/lib/python3.10/site-packages'
[6.333s] Level 1:colcon.colcon_core.shell:create_environment_hook('warehouse_robot_controller_pkg', 'pythonpath')
[6.333s] INFO:colcon.colcon_core.shell:Creating environment hook '/home/mohamed/auto_ws/install/warehouse_robot_controller_pkg/share/warehouse_robot_controller_pkg/hook/pythonpath.ps1'
[6.333s] INFO:colcon.colcon_core.shell:Creating environment descriptor '/home/mohamed/auto_ws/install/warehouse_robot_controller_pkg/share/warehouse_robot_controller_pkg/hook/pythonpath.dsv'
[6.333s] INFO:colcon.colcon_core.shell:Creating environment hook '/home/mohamed/auto_ws/install/warehouse_robot_controller_pkg/share/warehouse_robot_controller_pkg/hook/pythonpath.sh'
[6.334s] Level 1:colcon.colcon_core.environment:checking '/home/mohamed/auto_ws/install/warehouse_robot_controller_pkg/bin'
[6.334s] Level 1:colcon.colcon_core.environment:create_environment_scripts_only(warehouse_robot_controller_pkg)
[6.334s] INFO:colcon.colcon_core.shell:Creating package script '/home/mohamed/auto_ws/install/warehouse_robot_controller_pkg/share/warehouse_robot_controller_pkg/package.ps1'
[6.335s] INFO:colcon.colcon_core.shell:Creating package descriptor '/home/mohamed/auto_ws/install/warehouse_robot_controller_pkg/share/warehouse_robot_controller_pkg/package.dsv'
[6.335s] INFO:colcon.colcon_core.shell:Creating package script '/home/mohamed/auto_ws/install/warehouse_robot_controller_pkg/share/warehouse_robot_controller_pkg/package.sh'
[6.336s] INFO:colcon.colcon_core.shell:Creating package script '/home/mohamed/auto_ws/install/warehouse_robot_controller_pkg/share/warehouse_robot_controller_pkg/package.bash'
[6.336s] INFO:colcon.colcon_core.shell:Creating package script '/home/mohamed/auto_ws/install/warehouse_robot_controller_pkg/share/warehouse_robot_controller_pkg/package.zsh'
[6.336s] Level 1:colcon.colcon_core.environment:create_file_with_runtime_dependencies(/home/mohamed/auto_ws/install/warehouse_robot_controller_pkg/share/colcon-core/packages/warehouse_robot_controller_pkg)
[6.337s] Level 1:colcon.colcon_core.environment:checking '/home/mohamed/auto_ws/install/warehouse_robot_spawner_pkg' for CMake module files
[6.338s] DEBUG:colcon.colcon_core.event_handler.log_command:Invoked command in '/home/mohamed/auto_ws/src/warehouse_robot_spawner_pkg' returned '0': PYTHONPATH=/home/mohamed/auto_ws/build/warehouse_robot_spawner_pkg/prefix_override:/usr/lib/python3/dist-packages/colcon_core/task/python/colcon_distutils_commands:/home/mohamed/auto_ws/install/warehouse_robot_spawner_pkg/lib/python3.10/site-packages:${PYTHONPATH} /usr/bin/python3 -W ignore:setup.py install is deprecated setup.py egg_info --egg-base ../../build/warehouse_robot_spawner_pkg build --build-base /home/mohamed/auto_ws/build/warehouse_robot_spawner_pkg/build install --record /home/mohamed/auto_ws/build/warehouse_robot_spawner_pkg/install.log --single-version-externally-managed install_data
[6.338s] Level 1:colcon.colcon_core.environment:checking '/home/mohamed/auto_ws/install/warehouse_robot_spawner_pkg' for CMake config files
[6.339s] Level 1:colcon.colcon_core.environment:checking '/home/mohamed/auto_ws/install/warehouse_robot_spawner_pkg/lib'
[6.339s] Level 1:colcon.colcon_core.environment:checking '/home/mohamed/auto_ws/install/warehouse_robot_spawner_pkg/bin'
[6.339s] Level 1:colcon.colcon_core.environment:checking '/home/mohamed/auto_ws/install/warehouse_robot_spawner_pkg/lib/pkgconfig/warehouse_robot_spawner_pkg.pc'
[6.339s] Level 1:colcon.colcon_core.environment:checking '/home/mohamed/auto_ws/install/warehouse_robot_spawner_pkg/lib/python3.10/site-packages'
[6.339s] Level 1:colcon.colcon_core.shell:create_environment_hook('warehouse_robot_spawner_pkg', 'pythonpath')
[6.339s] INFO:colcon.colcon_core.shell:Creating environment hook '/home/mohamed/auto_ws/install/warehouse_robot_spawner_pkg/share/warehouse_robot_spawner_pkg/hook/pythonpath.ps1'
[6.340s] INFO:colcon.colcon_core.shell:Creating environment descriptor '/home/mohamed/auto_ws/install/warehouse_robot_spawner_pkg/share/warehouse_robot_spawner_pkg/hook/pythonpath.dsv'
[6.340s] INFO:colcon.colcon_core.shell:Creating environment hook '/home/mohamed/auto_ws/install/warehouse_robot_spawner_pkg/share/warehouse_robot_spawner_pkg/hook/pythonpath.sh'
[6.341s] Level 1:colcon.colcon_core.environment:checking '/home/mohamed/auto_ws/install/warehouse_robot_spawner_pkg/bin'
[6.341s] Level 1:colcon.colcon_core.environment:create_environment_scripts_only(warehouse_robot_spawner_pkg)
[6.341s] INFO:colcon.colcon_core.shell:Creating package script '/home/mohamed/auto_ws/install/warehouse_robot_spawner_pkg/share/warehouse_robot_spawner_pkg/package.ps1'
[6.341s] INFO:colcon.colcon_core.shell:Creating package descriptor '/home/mohamed/auto_ws/install/warehouse_robot_spawner_pkg/share/warehouse_robot_spawner_pkg/package.dsv'
[6.342s] INFO:colcon.colcon_core.shell:Creating package script '/home/mohamed/auto_ws/install/warehouse_robot_spawner_pkg/share/warehouse_robot_spawner_pkg/package.sh'
[6.342s] INFO:colcon.colcon_core.shell:Creating package script '/home/mohamed/auto_ws/install/warehouse_robot_spawner_pkg/share/warehouse_robot_spawner_pkg/package.bash'
[6.342s] INFO:colcon.colcon_core.shell:Creating package script '/home/mohamed/auto_ws/install/warehouse_robot_spawner_pkg/share/warehouse_robot_spawner_pkg/package.zsh'
[6.343s] Level 1:colcon.colcon_core.environment:create_file_with_runtime_dependencies(/home/mohamed/auto_ws/install/warehouse_robot_spawner_pkg/share/colcon-core/packages/warehouse_robot_spawner_pkg)
[6.343s] DEBUG:colcon.colcon_parallel_executor.executor.parallel:closing loop
[6.343s] DEBUG:colcon.colcon_parallel_executor.executor.parallel:loop closed
[6.343s] DEBUG:colcon.colcon_parallel_executor.executor.parallel:run_until_complete finished with '0'
[6.344s] DEBUG:colcon.colcon_core.event_reactor:joining thread
[6.392s] INFO:colcon.colcon_core.plugin_system:Skipping extension 'colcon_notification.desktop_notification.terminal_notifier': Not used on non-Darwin systems
[6.393s] INFO:colcon.colcon_core.plugin_system:Skipping extension 'colcon_notification.desktop_notification.win32': Not used on non-Windows systems
[6.393s] INFO:colcon.colcon_notification.desktop_notification:Sending desktop notification using 'notify2'
[6.450s] DEBUG:colcon.colcon_core.event_reactor:joined thread
[6.451s] INFO:colcon.colcon_core.shell:Creating prefix script '/home/mohamed/auto_ws/install/local_setup.ps1'
[6.465s] INFO:colcon.colcon_core.shell:Creating prefix util module '/home/mohamed/auto_ws/install/_local_setup_util_ps1.py'
[6.468s] INFO:colcon.colcon_core.shell:Creating prefix chain script '/home/mohamed/auto_ws/install/setup.ps1'
[6.470s] INFO:colcon.colcon_core.shell:Creating prefix script '/home/mohamed/auto_ws/install/local_setup.sh'
[6.496s] INFO:colcon.colcon_core.shell:Creating prefix util module '/home/mohamed/auto_ws/install/_local_setup_util_sh.py'
[6.497s] INFO:colcon.colcon_core.shell:Creating prefix chain script '/home/mohamed/auto_ws/install/setup.sh'
[6.499s] INFO:colcon.colcon_core.shell:Creating prefix script '/home/mohamed/auto_ws/install/local_setup.bash'
[6.524s] INFO:colcon.colcon_core.shell:Creating prefix chain script '/home/mohamed/auto_ws/install/setup.bash'
[6.526s] INFO:colcon.colcon_core.shell:Creating prefix script '/home/mohamed/auto_ws/install/local_setup.zsh'
[6.554s] INFO:colcon.colcon_core.shell:Creating prefix chain script '/home/mohamed/auto_ws/install/setup.zsh'
