[0.010s] Invoking command in '/home/mohamed/auto_ws/build/articubot_one': CMAKE_PREFIX_PATH=/home/mohamed/dev_ws/install/warehouse_robot_spawner_pkg:/home/mohamed/dev_ws/install/warehouse_robot_controller_pkg:/opt/ros/humble /usr/bin/cmake /home/mohamed/auto_ws/src/articubot_one -DCMAKE_INSTALL_PREFIX=/home/mohamed/auto_ws/install/articubot_one
[0.996s] -- The C compiler identification is GNU 11.4.0
[1.620s] -- The CXX compiler identification is GNU 11.4.0
[1.769s] -- Detecting C compiler ABI info
[1.978s] -- Detecting C compiler ABI info - done
[1.986s] -- Check for working C compiler: /usr/bin/cc - skipped
[1.987s] -- Detecting C compile features
[2.029s] -- Detecting C compile features - done
[2.080s] -- Detecting CXX compiler ABI info
[2.256s] -- Detecting CXX compiler ABI info - done
[2.264s] -- Check for working CXX compiler: /usr/bin/c++ - skipped
[2.264s] -- Detecting CXX compile features
[2.264s] -- Detecting CXX compile features - done
[2.334s] -- Found ament_cmake: 1.3.10 (/opt/ros/humble/share/ament_cmake/cmake)
[2.626s] -- Found Python3: /usr/bin/python3 (found version "3.10.12") found components: Interpreter 
[2.910s] -- Found ament_lint_auto: 0.12.11 (/opt/ros/humble/share/ament_lint_auto/cmake)
[3.165s] -- Added test 'copyright' to check source files copyright and LICENSE
[3.178s] -- Added test 'flake8' to check Python code syntax and style conventions
[3.181s] -- Added test 'lint_cmake' to check CMake code style
[3.183s] -- Added test 'pep257' to check Python code against some of the docstring style conventions in PEP 257
[3.191s] -- Added test 'xmllint' to check XML markup files
[3.194s] -- Configuring done
[3.197s] -- Generating done
[3.199s] -- Build files have been written to: /home/mohamed/auto_ws/build/articubot_one
[3.205s] Invoked command in '/home/mohamed/auto_ws/build/articubot_one' returned '0': CMAKE_PREFIX_PATH=/home/mohamed/dev_ws/install/warehouse_robot_spawner_pkg:/home/mohamed/dev_ws/install/warehouse_robot_controller_pkg:/opt/ros/humble /usr/bin/cmake /home/mohamed/auto_ws/src/articubot_one -DCMAKE_INSTALL_PREFIX=/home/mohamed/auto_ws/install/articubot_one
[3.207s] Invoking command in '/home/mohamed/auto_ws/build/articubot_one': CMAKE_PREFIX_PATH=/home/mohamed/dev_ws/install/warehouse_robot_spawner_pkg:/home/mohamed/dev_ws/install/warehouse_robot_controller_pkg:/opt/ros/humble /usr/bin/cmake --build /home/mohamed/auto_ws/build/articubot_one -- -j8 -l8
[3.246s] Invoked command in '/home/mohamed/auto_ws/build/articubot_one' returned '0': CMAKE_PREFIX_PATH=/home/mohamed/dev_ws/install/warehouse_robot_spawner_pkg:/home/mohamed/dev_ws/install/warehouse_robot_controller_pkg:/opt/ros/humble /usr/bin/cmake --build /home/mohamed/auto_ws/build/articubot_one -- -j8 -l8
[3.279s] Invoking command in '/home/mohamed/auto_ws/build/articubot_one': CMAKE_PREFIX_PATH=/home/mohamed/dev_ws/install/warehouse_robot_spawner_pkg:/home/mohamed/dev_ws/install/warehouse_robot_controller_pkg:/opt/ros/humble /usr/bin/cmake --install /home/mohamed/auto_ws/build/articubot_one
[3.287s] -- Install configuration: ""
[3.287s] -- Installing: /home/mohamed/auto_ws/install/articubot_one/share/articubot_one/config
[3.287s] -- Installing: /home/mohamed/auto_ws/install/articubot_one/share/articubot_one/config/ball_tracker_params_sim.yaml
[3.287s] -- Installing: /home/mohamed/auto_ws/install/articubot_one/share/articubot_one/config/empty.yaml
[3.287s] -- Installing: /home/mohamed/auto_ws/install/articubot_one/share/articubot_one/config/nav2_params.yaml
[3.287s] -- Installing: /home/mohamed/auto_ws/install/articubot_one/share/articubot_one/config/view_bot.rviz
[3.287s] -- Installing: /home/mohamed/auto_ws/install/articubot_one/share/articubot_one/config/joystick.yaml
[3.287s] -- Installing: /home/mohamed/auto_ws/install/articubot_one/share/articubot_one/config/mapper_params_online_async.yaml
[3.288s] -- Installing: /home/mohamed/auto_ws/install/articubot_one/share/articubot_one/config/gaz_ros2_ctl_use_sim.yaml
[3.288s] -- Installing: /home/mohamed/auto_ws/install/articubot_one/share/articubot_one/config/drive_bot.rviz
[3.288s] -- Installing: /home/mohamed/auto_ws/install/articubot_one/share/articubot_one/config/main.rviz
[3.288s] -- Installing: /home/mohamed/auto_ws/install/articubot_one/share/articubot_one/config/twist_mux.yaml
[3.288s] -- Installing: /home/mohamed/auto_ws/install/articubot_one/share/articubot_one/config/map.rviz
[3.288s] -- Installing: /home/mohamed/auto_ws/install/articubot_one/share/articubot_one/config/ball_tracker_params_robot.yaml
[3.288s] -- Installing: /home/mohamed/auto_ws/install/articubot_one/share/articubot_one/config/my_controllers.yaml
[3.288s] -- Installing: /home/mohamed/auto_ws/install/articubot_one/share/articubot_one/config/gazebo_params.yaml
[3.288s] -- Installing: /home/mohamed/auto_ws/install/articubot_one/share/articubot_one/description
[3.288s] -- Installing: /home/mohamed/auto_ws/install/articubot_one/share/articubot_one/description/camera.xacro
[3.289s] -- Installing: /home/mohamed/auto_ws/install/articubot_one/share/articubot_one/description/robot.urdf.xacro
[3.289s] -- Installing: /home/mohamed/auto_ws/install/articubot_one/share/articubot_one/description/depth_camera.xacro
[3.289s] -- Installing: /home/mohamed/auto_ws/install/articubot_one/share/articubot_one/description/lidar.xacro
[3.289s] -- Installing: /home/mohamed/auto_ws/install/articubot_one/share/articubot_one/description/inertial_macros.xacro
[3.289s] -- Installing: /home/mohamed/auto_ws/install/articubot_one/share/articubot_one/description/gazebo_control.xacro
[3.289s] -- Installing: /home/mohamed/auto_ws/install/articubot_one/share/articubot_one/description/robot_core.xacro
[3.289s] -- Installing: /home/mohamed/auto_ws/install/articubot_one/share/articubot_one/description/face.xacro
[3.289s] -- Installing: /home/mohamed/auto_ws/install/articubot_one/share/articubot_one/description/ros2_control.xacro
[3.289s] -- Installing: /home/mohamed/auto_ws/install/articubot_one/share/articubot_one/launch
[3.289s] -- Installing: /home/mohamed/auto_ws/install/articubot_one/share/articubot_one/launch/rsp.launch.py
[3.289s] -- Installing: /home/mohamed/auto_ws/install/articubot_one/share/articubot_one/launch/launch_sim.launch.py
[3.289s] -- Installing: /home/mohamed/auto_ws/install/articubot_one/share/articubot_one/launch/rplidar.launch.py
[3.290s] -- Installing: /home/mohamed/auto_ws/install/articubot_one/share/articubot_one/launch/localization_launch.py
[3.290s] -- Installing: /home/mohamed/auto_ws/install/articubot_one/share/articubot_one/launch/navigation_launch.py
[3.290s] -- Installing: /home/mohamed/auto_ws/install/articubot_one/share/articubot_one/launch/camera.launch.py
[3.290s] -- Installing: /home/mohamed/auto_ws/install/articubot_one/share/articubot_one/launch/launch_robot.launch.py
[3.290s] -- Installing: /home/mohamed/auto_ws/install/articubot_one/share/articubot_one/launch/online_async_launch.py
[3.290s] -- Installing: /home/mohamed/auto_ws/install/articubot_one/share/articubot_one/launch/ball_tracker.launch.py
[3.290s] -- Installing: /home/mohamed/auto_ws/install/articubot_one/share/articubot_one/launch/joystick.launch.py
[3.290s] -- Installing: /home/mohamed/auto_ws/install/articubot_one/share/articubot_one/worlds
[3.290s] -- Installing: /home/mohamed/auto_ws/install/articubot_one/share/articubot_one/worlds/obstacles.world
[3.290s] -- Installing: /home/mohamed/auto_ws/install/articubot_one/share/articubot_one/worlds/empty.world
[3.290s] -- Installing: /home/mohamed/auto_ws/install/articubot_one/share/ament_index/resource_index/package_run_dependencies/articubot_one
[3.290s] -- Installing: /home/mohamed/auto_ws/install/articubot_one/share/ament_index/resource_index/parent_prefix_path/articubot_one
[3.291s] -- Installing: /home/mohamed/auto_ws/install/articubot_one/share/articubot_one/environment/ament_prefix_path.sh
[3.291s] -- Installing: /home/mohamed/auto_ws/install/articubot_one/share/articubot_one/environment/ament_prefix_path.dsv
[3.291s] -- Installing: /home/mohamed/auto_ws/install/articubot_one/share/articubot_one/environment/path.sh
[3.291s] -- Installing: /home/mohamed/auto_ws/install/articubot_one/share/articubot_one/environment/path.dsv
[3.291s] -- Installing: /home/mohamed/auto_ws/install/articubot_one/share/articubot_one/local_setup.bash
[3.291s] -- Installing: /home/mohamed/auto_ws/install/articubot_one/share/articubot_one/local_setup.sh
[3.291s] -- Installing: /home/mohamed/auto_ws/install/articubot_one/share/articubot_one/local_setup.zsh
[3.291s] -- Installing: /home/mohamed/auto_ws/install/articubot_one/share/articubot_one/local_setup.dsv
[3.292s] -- Installing: /home/mohamed/auto_ws/install/articubot_one/share/articubot_one/package.dsv
[3.292s] -- Installing: /home/mohamed/auto_ws/install/articubot_one/share/ament_index/resource_index/packages/articubot_one
[3.292s] -- Installing: /home/mohamed/auto_ws/install/articubot_one/share/articubot_one/cmake/articubot_oneConfig.cmake
[3.292s] -- Installing: /home/mohamed/auto_ws/install/articubot_one/share/articubot_one/cmake/articubot_oneConfig-version.cmake
[3.292s] -- Installing: /home/mohamed/auto_ws/install/articubot_one/share/articubot_one/package.xml
[3.294s] Invoked command in '/home/mohamed/auto_ws/build/articubot_one' returned '0': CMAKE_PREFIX_PATH=/home/mohamed/dev_ws/install/warehouse_robot_spawner_pkg:/home/mohamed/dev_ws/install/warehouse_robot_controller_pkg:/opt/ros/humble /usr/bin/cmake --install /home/mohamed/auto_ws/build/articubot_one
