[0.026s] Invoking command in '/home/mohamed/auto_ws/build/articubot_one': CMAKE_PREFIX_PATH=${CMAKE_PREFIX_PATH}:/home/mohamed/dev_ws/install/warehouse_robot_spawner_pkg:/home/mohamed/dev_ws/install/warehouse_robot_controller_pkg:/opt/ros/humble /usr/bin/cmake /home/mohamed/auto_ws/src/articubot_one -DAMENT_CMAKE_SYMLINK_INSTALL=1 -DCMAKE_INSTALL_PREFIX=/home/mohamed/auto_ws/install/articubot_one
[0.042s] -- Found ament_cmake: 1.3.10 (/opt/ros/humble/share/ament_cmake/cmake)
[0.176s] -- Override CMake install command with custom implementation using symlinks instead of copying resources
[0.237s] -- Found ament_lint_auto: 0.12.11 (/opt/ros/humble/share/ament_lint_auto/cmake)
[0.316s] -- Added test 'copyright' to check source files copyright and LICENSE
[0.330s] -- Added test 'flake8' to check Python code syntax and style conventions
[0.330s] -- Added test 'lint_cmake' to check CMake code style
[0.330s] -- Added test 'pep257' to check Python code against some of the docstring style conventions in PEP 257
[0.333s] -- Added test 'xmllint' to check XML markup files
[0.334s] -- Configuring done
[0.340s] -- Generating done
[0.361s] -- Build files have been written to: /home/mohamed/auto_ws/build/articubot_one
[0.365s] Invoked command in '/home/mohamed/auto_ws/build/articubot_one' returned '0': CMAKE_PREFIX_PATH=${CMAKE_PREFIX_PATH}:/home/mohamed/dev_ws/install/warehouse_robot_spawner_pkg:/home/mohamed/dev_ws/install/warehouse_robot_controller_pkg:/opt/ros/humble /usr/bin/cmake /home/mohamed/auto_ws/src/articubot_one -DAMENT_CMAKE_SYMLINK_INSTALL=1 -DCMAKE_INSTALL_PREFIX=/home/mohamed/auto_ws/install/articubot_one
[0.367s] Invoking command in '/home/mohamed/auto_ws/build/articubot_one': CMAKE_PREFIX_PATH=${CMAKE_PREFIX_PATH}:/home/mohamed/dev_ws/install/warehouse_robot_spawner_pkg:/home/mohamed/dev_ws/install/warehouse_robot_controller_pkg:/opt/ros/humble /usr/bin/cmake --build /home/mohamed/auto_ws/build/articubot_one -- -j8 -l8
[0.406s] Invoked command in '/home/mohamed/auto_ws/build/articubot_one' returned '0': CMAKE_PREFIX_PATH=${CMAKE_PREFIX_PATH}:/home/mohamed/dev_ws/install/warehouse_robot_spawner_pkg:/home/mohamed/dev_ws/install/warehouse_robot_controller_pkg:/opt/ros/humble /usr/bin/cmake --build /home/mohamed/auto_ws/build/articubot_one -- -j8 -l8
[0.439s] Invoking command in '/home/mohamed/auto_ws/build/articubot_one': CMAKE_PREFIX_PATH=${CMAKE_PREFIX_PATH}:/home/mohamed/dev_ws/install/warehouse_robot_spawner_pkg:/home/mohamed/dev_ws/install/warehouse_robot_controller_pkg:/opt/ros/humble /usr/bin/cmake --install /home/mohamed/auto_ws/build/articubot_one
[0.447s] -- Install configuration: ""
[0.447s] -- Execute custom install script
[0.447s] -- Symlinking: /home/mohamed/auto_ws/install/articubot_one/share/articubot_one/config/ball_tracker_params_robot.yaml
[0.457s] -- Symlinking: /home/mohamed/auto_ws/install/articubot_one/share/articubot_one/config/ball_tracker_params_sim.yaml
[0.466s] -- Symlinking: /home/mohamed/auto_ws/install/articubot_one/share/articubot_one/config/drive_bot.rviz
[0.474s] -- Symlinking: /home/mohamed/auto_ws/install/articubot_one/share/articubot_one/config/empty.yaml
[0.484s] -- Symlinking: /home/mohamed/auto_ws/install/articubot_one/share/articubot_one/config/gaz_ros2_ctl_use_sim.yaml
[0.492s] -- Symlinking: /home/mohamed/auto_ws/install/articubot_one/share/articubot_one/config/gazebo_params.yaml
[0.502s] -- Symlinking: /home/mohamed/auto_ws/install/articubot_one/share/articubot_one/config/joystick.yaml
[0.511s] -- Symlinking: /home/mohamed/auto_ws/install/articubot_one/share/articubot_one/config/main.rviz
[0.520s] -- Symlinking: /home/mohamed/auto_ws/install/articubot_one/share/articubot_one/config/map.rviz
[0.530s] -- Symlinking: /home/mohamed/auto_ws/install/articubot_one/share/articubot_one/config/mapper_params_online_async.yaml
[0.539s] -- Symlinking: /home/mohamed/auto_ws/install/articubot_one/share/articubot_one/config/my_controllers.yaml
[0.549s] -- Symlinking: /home/mohamed/auto_ws/install/articubot_one/share/articubot_one/config/nav2_params.yaml
[0.557s] -- Symlinking: /home/mohamed/auto_ws/install/articubot_one/share/articubot_one/config/twist_mux.yaml
[0.566s] -- Symlinking: /home/mohamed/auto_ws/install/articubot_one/share/articubot_one/config/view_bot.rviz
[0.575s] -- Symlinking: /home/mohamed/auto_ws/install/articubot_one/share/articubot_one/description/camera.xacro
[0.584s] -- Symlinking: /home/mohamed/auto_ws/install/articubot_one/share/articubot_one/description/depth_camera.xacro
[0.593s] -- Symlinking: /home/mohamed/auto_ws/install/articubot_one/share/articubot_one/description/face.xacro
[0.602s] -- Symlinking: /home/mohamed/auto_ws/install/articubot_one/share/articubot_one/description/gazebo_control.xacro
[0.611s] -- Symlinking: /home/mohamed/auto_ws/install/articubot_one/share/articubot_one/description/inertial_macros.xacro
[0.620s] -- Symlinking: /home/mohamed/auto_ws/install/articubot_one/share/articubot_one/description/lidar.xacro
[0.632s] -- Symlinking: /home/mohamed/auto_ws/install/articubot_one/share/articubot_one/description/robot.urdf.xacro
[0.641s] -- Symlinking: /home/mohamed/auto_ws/install/articubot_one/share/articubot_one/description/robot_core.xacro
[0.651s] -- Symlinking: /home/mohamed/auto_ws/install/articubot_one/share/articubot_one/description/ros2_control.xacro
[0.660s] -- Symlinking: /home/mohamed/auto_ws/install/articubot_one/share/articubot_one/launch/ball_tracker.launch.py
[0.669s] -- Symlinking: /home/mohamed/auto_ws/install/articubot_one/share/articubot_one/launch/camera.launch.py
[0.678s] -- Symlinking: /home/mohamed/auto_ws/install/articubot_one/share/articubot_one/launch/joystick.launch.py
[0.687s] -- Symlinking: /home/mohamed/auto_ws/install/articubot_one/share/articubot_one/launch/launch_robot.launch.py
[0.696s] -- Symlinking: /home/mohamed/auto_ws/install/articubot_one/share/articubot_one/launch/launch_sim.launch.py
[0.705s] -- Symlinking: /home/mohamed/auto_ws/install/articubot_one/share/articubot_one/launch/localization_launch.py
[0.714s] -- Symlinking: /home/mohamed/auto_ws/install/articubot_one/share/articubot_one/launch/navigation_launch.py
[0.725s] -- Symlinking: /home/mohamed/auto_ws/install/articubot_one/share/articubot_one/launch/online_async_launch.py
[0.737s] -- Symlinking: /home/mohamed/auto_ws/install/articubot_one/share/articubot_one/launch/rplidar.launch.py
[0.745s] -- Symlinking: /home/mohamed/auto_ws/install/articubot_one/share/articubot_one/launch/rsp.launch.py
[0.754s] -- Symlinking: /home/mohamed/auto_ws/install/articubot_one/share/articubot_one/worlds/empty.world
[0.763s] -- Symlinking: /home/mohamed/auto_ws/install/articubot_one/share/articubot_one/worlds/obstacles.world
[0.772s] -- Symlinking: /home/mohamed/auto_ws/install/articubot_one/share/ament_index/resource_index/package_run_dependencies/articubot_one
[0.781s] -- Symlinking: /home/mohamed/auto_ws/install/articubot_one/share/ament_index/resource_index/parent_prefix_path/articubot_one
[0.791s] -- Symlinking: /home/mohamed/auto_ws/install/articubot_one/share/articubot_one/environment/ament_prefix_path.sh
[0.800s] -- Symlinking: /home/mohamed/auto_ws/install/articubot_one/share/articubot_one/environment/ament_prefix_path.dsv
[0.808s] -- Symlinking: /home/mohamed/auto_ws/install/articubot_one/share/articubot_one/environment/path.sh
[0.817s] -- Symlinking: /home/mohamed/auto_ws/install/articubot_one/share/articubot_one/environment/path.dsv
[0.826s] -- Symlinking: /home/mohamed/auto_ws/install/articubot_one/share/articubot_one/local_setup.bash
[0.836s] -- Symlinking: /home/mohamed/auto_ws/install/articubot_one/share/articubot_one/local_setup.sh
[0.845s] -- Symlinking: /home/mohamed/auto_ws/install/articubot_one/share/articubot_one/local_setup.zsh
[0.855s] -- Symlinking: /home/mohamed/auto_ws/install/articubot_one/share/articubot_one/local_setup.dsv
[0.864s] -- Symlinking: /home/mohamed/auto_ws/install/articubot_one/share/articubot_one/package.dsv
[0.873s] -- Symlinking: /home/mohamed/auto_ws/install/articubot_one/share/ament_index/resource_index/packages/articubot_one
[0.882s] -- Symlinking: /home/mohamed/auto_ws/install/articubot_one/share/articubot_one/cmake/articubot_oneConfig.cmake
[0.892s] -- Symlinking: /home/mohamed/auto_ws/install/articubot_one/share/articubot_one/cmake/articubot_oneConfig-version.cmake
[0.900s] -- Symlinking: /home/mohamed/auto_ws/install/articubot_one/share/articubot_one/package.xml
[0.911s] Invoked command in '/home/mohamed/auto_ws/build/articubot_one' returned '0': CMAKE_PREFIX_PATH=${CMAKE_PREFIX_PATH}:/home/mohamed/dev_ws/install/warehouse_robot_spawner_pkg:/home/mohamed/dev_ws/install/warehouse_robot_controller_pkg:/opt/ros/humble /usr/bin/cmake --install /home/mohamed/auto_ws/build/articubot_one
