[0.226s] DEBUG:colcon:Command line arguments: ['/usr/bin/colcon', 'build']
[0.226s] DEBUG:colcon:Parsed command line arguments: Namespace(log_base=None, log_level=None, verb_name='build', build_base='build', install_base='install', merge_install=False, symlink_install=False, test_result_base=None, continue_on_error=False, executor='parallel', parallel_workers=8, event_handlers=None, ignore_user_meta=False, metas=['./colcon.meta'], base_paths=['.'], packages_ignore=None, packages_ignore_regex=None, paths=None, packages_up_to=None, packages_up_to_regex=None, packages_above=None, packages_above_and_dependencies=None, packages_above_depth=None, packages_select_by_dep=None, packages_skip_by_dep=None, packages_skip_up_to=None, packages_select_build_failed=False, packages_skip_build_finished=False, packages_select_test_failures=False, packages_skip_test_passed=False, packages_select=None, packages_skip=None, packages_select_regex=None, packages_skip_regex=None, packages_start=None, packages_end=None, allow_overriding=[], cmake_args=None, cmake_target=None, cmake_target_skip_unavailable=False, cmake_clean_cache=False, cmake_clean_first=False, cmake_force_configure=False, ament_cmake_args=None, catkin_cmake_args=None, catkin_skip_building_tests=False, verb_parser=<colcon_defaults.argument_parser.defaults.DefaultArgumentsDecorator object at 0x7f63622591b0>, verb_extension=<colcon_core.verb.build.BuildVerb object at 0x7f6362258d60>, main=<bound method BuildVerb.main of <colcon_core.verb.build.BuildVerb object at 0x7f6362258d60>>)
[3.646s] Level 1:colcon.colcon_core.package_discovery:discover_packages(colcon_meta) check parameters
[3.646s] Level 1:colcon.colcon_core.package_discovery:discover_packages(recursive) check parameters
[3.646s] Level 1:colcon.colcon_core.package_discovery:discover_packages(ignore) check parameters
[3.646s] Level 1:colcon.colcon_core.package_discovery:discover_packages(path) check parameters
[3.646s] Level 1:colcon.colcon_core.package_discovery:discover_packages(colcon_meta) discover
[3.646s] Level 1:colcon.colcon_core.package_discovery:discover_packages(recursive) discover
[3.646s] INFO:colcon.colcon_core.package_discovery:Crawling recursively for packages in '/home/mohamed/auto_ws'
[3.646s] Level 1:colcon.colcon_core.package_identification:_identify(.) by extensions ['ignore', 'ignore_ament_install']
[3.647s] Level 1:colcon.colcon_core.package_identification:_identify(.) by extension 'ignore'
[3.647s] Level 1:colcon.colcon_core.package_identification:_identify(.) by extension 'ignore_ament_install'
[3.647s] Level 1:colcon.colcon_core.package_identification:_identify(.) by extensions ['colcon_pkg']
[3.647s] Level 1:colcon.colcon_core.package_identification:_identify(.) by extension 'colcon_pkg'
[3.647s] Level 1:colcon.colcon_core.package_identification:_identify(.) by extensions ['colcon_meta']
[3.647s] Level 1:colcon.colcon_core.package_identification:_identify(.) by extension 'colcon_meta'
[3.647s] Level 1:colcon.colcon_core.package_identification:_identify(.) by extensions ['ros']
[3.647s] Level 1:colcon.colcon_core.package_identification:_identify(.) by extension 'ros'
[3.675s] Level 1:colcon.colcon_core.package_identification:_identify(.) by extensions ['cmake', 'python']
[3.675s] Level 1:colcon.colcon_core.package_identification:_identify(.) by extension 'cmake'
[3.675s] Level 1:colcon.colcon_core.package_identification:_identify(.) by extension 'python'
[3.675s] Level 1:colcon.colcon_core.package_identification:_identify(.) by extensions ['python_setup_py']
[3.675s] Level 1:colcon.colcon_core.package_identification:_identify(.) by extension 'python_setup_py'
[3.675s] Level 1:colcon.colcon_core.package_identification:_identify(build) by extensions ['ignore', 'ignore_ament_install']
[3.676s] Level 1:colcon.colcon_core.package_identification:_identify(build) by extension 'ignore'
[3.676s] Level 1:colcon.colcon_core.package_identification:_identify(build) ignored
[3.676s] Level 1:colcon.colcon_core.package_identification:_identify(install) by extensions ['ignore', 'ignore_ament_install']
[3.676s] Level 1:colcon.colcon_core.package_identification:_identify(install) by extension 'ignore'
[3.676s] Level 1:colcon.colcon_core.package_identification:_identify(install) ignored
[3.676s] Level 1:colcon.colcon_core.package_identification:_identify(log) by extensions ['ignore', 'ignore_ament_install']
[3.677s] Level 1:colcon.colcon_core.package_identification:_identify(log) by extension 'ignore'
[3.677s] Level 1:colcon.colcon_core.package_identification:_identify(log) ignored
[3.677s] Level 1:colcon.colcon_core.package_identification:_identify(src) by extensions ['ignore', 'ignore_ament_install']
[3.677s] Level 1:colcon.colcon_core.package_identification:_identify(src) by extension 'ignore'
[3.677s] Level 1:colcon.colcon_core.package_identification:_identify(src) by extension 'ignore_ament_install'
[3.677s] Level 1:colcon.colcon_core.package_identification:_identify(src) by extensions ['colcon_pkg']
[3.677s] Level 1:colcon.colcon_core.package_identification:_identify(src) by extension 'colcon_pkg'
[3.677s] Level 1:colcon.colcon_core.package_identification:_identify(src) by extensions ['colcon_meta']
[3.677s] Level 1:colcon.colcon_core.package_identification:_identify(src) by extension 'colcon_meta'
[3.677s] Level 1:colcon.colcon_core.package_identification:_identify(src) by extensions ['ros']
[3.677s] Level 1:colcon.colcon_core.package_identification:_identify(src) by extension 'ros'
[3.678s] Level 1:colcon.colcon_core.package_identification:_identify(src) by extensions ['cmake', 'python']
[3.678s] Level 1:colcon.colcon_core.package_identification:_identify(src) by extension 'cmake'
[3.678s] Level 1:colcon.colcon_core.package_identification:_identify(src) by extension 'python'
[3.678s] Level 1:colcon.colcon_core.package_identification:_identify(src) by extensions ['python_setup_py']
[3.678s] Level 1:colcon.colcon_core.package_identification:_identify(src) by extension 'python_setup_py'
[3.679s] Level 1:colcon.colcon_core.package_identification:_identify(src/articubot_one) by extensions ['ignore', 'ignore_ament_install']
[3.679s] Level 1:colcon.colcon_core.package_identification:_identify(src/articubot_one) by extension 'ignore'
[3.679s] Level 1:colcon.colcon_core.package_identification:_identify(src/articubot_one) by extension 'ignore_ament_install'
[3.679s] Level 1:colcon.colcon_core.package_identification:_identify(src/articubot_one) by extensions ['colcon_pkg']
[3.679s] Level 1:colcon.colcon_core.package_identification:_identify(src/articubot_one) by extension 'colcon_pkg'
[3.679s] Level 1:colcon.colcon_core.package_identification:_identify(src/articubot_one) by extensions ['colcon_meta']
[3.679s] Level 1:colcon.colcon_core.package_identification:_identify(src/articubot_one) by extension 'colcon_meta'
[3.679s] Level 1:colcon.colcon_core.package_identification:_identify(src/articubot_one) by extensions ['ros']
[3.680s] Level 1:colcon.colcon_core.package_identification:_identify(src/articubot_one) by extension 'ros'
[3.685s] DEBUG:colcon.colcon_core.package_identification:Package 'src/articubot_one' with type 'ros.ament_cmake' and name 'articubot_one'
[3.686s] Level 1:colcon.colcon_core.package_discovery:discover_packages(recursive) using defaults
[3.686s] Level 1:colcon.colcon_core.package_discovery:discover_packages(ignore) discover
[3.686s] Level 1:colcon.colcon_core.package_discovery:discover_packages(ignore) using defaults
[3.686s] Level 1:colcon.colcon_core.package_discovery:discover_packages(path) discover
[3.686s] Level 1:colcon.colcon_core.package_discovery:discover_packages(path) using defaults
[3.842s] Level 1:colcon.colcon_core.package_discovery:discover_packages(prefix_path) check parameters
[3.842s] Level 1:colcon.colcon_core.package_discovery:discover_packages(prefix_path) discover
[3.853s] DEBUG:colcon.colcon_installed_package_information.package_discovery:Found 1 installed packages in /home/mohamed/auto_ws/install
[3.854s] DEBUG:colcon.colcon_installed_package_information.package_discovery:Found 2 installed packages in /home/mohamed/dev_ws/install
[3.856s] DEBUG:colcon.colcon_installed_package_information.package_discovery:Found 387 installed packages in /opt/ros/humble
[3.883s] Level 1:colcon.colcon_core.package_discovery:discover_packages(prefix_path) using defaults
[3.998s] Level 5:colcon.colcon_core.verb:set package 'articubot_one' build argument 'cmake_args' from command line to 'None'
[3.998s] Level 5:colcon.colcon_core.verb:set package 'articubot_one' build argument 'cmake_target' from command line to 'None'
[3.998s] Level 5:colcon.colcon_core.verb:set package 'articubot_one' build argument 'cmake_target_skip_unavailable' from command line to 'False'
[3.998s] Level 5:colcon.colcon_core.verb:set package 'articubot_one' build argument 'cmake_clean_cache' from command line to 'False'
[3.998s] Level 5:colcon.colcon_core.verb:set package 'articubot_one' build argument 'cmake_clean_first' from command line to 'False'
[3.998s] Level 5:colcon.colcon_core.verb:set package 'articubot_one' build argument 'cmake_force_configure' from command line to 'False'
[3.998s] Level 5:colcon.colcon_core.verb:set package 'articubot_one' build argument 'ament_cmake_args' from command line to 'None'
[3.998s] Level 5:colcon.colcon_core.verb:set package 'articubot_one' build argument 'catkin_cmake_args' from command line to 'None'
[3.998s] Level 5:colcon.colcon_core.verb:set package 'articubot_one' build argument 'catkin_skip_building_tests' from command line to 'False'
[3.998s] DEBUG:colcon.colcon_core.verb:Building package 'articubot_one' with the following arguments: {'ament_cmake_args': None, 'build_base': '/home/mohamed/auto_ws/build/articubot_one', 'catkin_cmake_args': None, 'catkin_skip_building_tests': False, 'cmake_args': None, 'cmake_clean_cache': False, 'cmake_clean_first': False, 'cmake_force_configure': False, 'cmake_target': None, 'cmake_target_skip_unavailable': False, 'install_base': '/home/mohamed/auto_ws/install/articubot_one', 'merge_install': False, 'path': '/home/mohamed/auto_ws/src/articubot_one', 'symlink_install': False, 'test_result_base': None}
[3.999s] INFO:colcon.colcon_core.executor:Executing jobs using 'parallel' executor
[4.000s] DEBUG:colcon.colcon_parallel_executor.executor.parallel:run_until_complete
[4.000s] INFO:colcon.colcon_ros.task.ament_cmake.build:Building ROS package in '/home/mohamed/auto_ws/src/articubot_one' with build type 'ament_cmake'
[4.000s] INFO:colcon.colcon_cmake.task.cmake.build:Building CMake package in '/home/mohamed/auto_ws/src/articubot_one'
[4.011s] INFO:colcon.colcon_core.plugin_system:Skipping extension 'colcon_core.shell.bat': Not used on non-Windows systems
[4.011s] INFO:colcon.colcon_core.shell:Skip shell extension 'powershell' for command environment: Not usable outside of PowerShell
[4.011s] DEBUG:colcon.colcon_core.shell:Skip shell extension 'dsv' for command environment
[4.069s] DEBUG:colcon.colcon_core.event_handler.log_command:Invoking command in '/home/mohamed/auto_ws/build/articubot_one': CMAKE_PREFIX_PATH=${CMAKE_PREFIX_PATH}:/home/mohamed/dev_ws/install/warehouse_robot_spawner_pkg:/home/mohamed/dev_ws/install/warehouse_robot_controller_pkg:/opt/ros/humble /usr/bin/cmake --build /home/mohamed/auto_ws/build/articubot_one -- -j8 -l8
[4.120s] DEBUG:colcon.colcon_core.event_handler.log_command:Invoked command in '/home/mohamed/auto_ws/build/articubot_one' returned '0': CMAKE_PREFIX_PATH=${CMAKE_PREFIX_PATH}:/home/mohamed/dev_ws/install/warehouse_robot_spawner_pkg:/home/mohamed/dev_ws/install/warehouse_robot_controller_pkg:/opt/ros/humble /usr/bin/cmake --build /home/mohamed/auto_ws/build/articubot_one -- -j8 -l8
[4.176s] DEBUG:colcon.colcon_core.event_handler.log_command:Invoking command in '/home/mohamed/auto_ws/build/articubot_one': CMAKE_PREFIX_PATH=${CMAKE_PREFIX_PATH}:/home/mohamed/dev_ws/install/warehouse_robot_spawner_pkg:/home/mohamed/dev_ws/install/warehouse_robot_controller_pkg:/opt/ros/humble /usr/bin/cmake --install /home/mohamed/auto_ws/build/articubot_one
[4.199s] Level 1:colcon.colcon_core.environment:create_environment_scripts_only(articubot_one)
[4.205s] DEBUG:colcon.colcon_core.event_handler.log_command:Invoked command in '/home/mohamed/auto_ws/build/articubot_one' returned '0': CMAKE_PREFIX_PATH=${CMAKE_PREFIX_PATH}:/home/mohamed/dev_ws/install/warehouse_robot_spawner_pkg:/home/mohamed/dev_ws/install/warehouse_robot_controller_pkg:/opt/ros/humble /usr/bin/cmake --install /home/mohamed/auto_ws/build/articubot_one
[4.266s] Level 1:colcon.colcon_core.environment:checking '/home/mohamed/auto_ws/install/articubot_one' for CMake module files
[4.267s] Level 1:colcon.colcon_core.environment:checking '/home/mohamed/auto_ws/install/articubot_one' for CMake config files
[4.268s] Level 1:colcon.colcon_core.shell:create_environment_hook('articubot_one', 'cmake_prefix_path')
[4.268s] INFO:colcon.colcon_core.shell:Creating environment hook '/home/mohamed/auto_ws/install/articubot_one/share/articubot_one/hook/cmake_prefix_path.ps1'
[4.271s] INFO:colcon.colcon_core.shell:Creating environment descriptor '/home/mohamed/auto_ws/install/articubot_one/share/articubot_one/hook/cmake_prefix_path.dsv'
[4.273s] INFO:colcon.colcon_core.shell:Creating environment hook '/home/mohamed/auto_ws/install/articubot_one/share/articubot_one/hook/cmake_prefix_path.sh'
[4.275s] Level 1:colcon.colcon_core.environment:checking '/home/mohamed/auto_ws/install/articubot_one/bin'
[4.275s] Level 1:colcon.colcon_core.environment:checking '/home/mohamed/auto_ws/install/articubot_one/lib/pkgconfig/articubot_one.pc'
[4.276s] Level 1:colcon.colcon_core.environment:checking '/home/mohamed/auto_ws/install/articubot_one/lib/python3.10/site-packages'
[4.276s] Level 1:colcon.colcon_core.environment:checking '/home/mohamed/auto_ws/install/articubot_one/bin'
[4.276s] INFO:colcon.colcon_core.shell:Creating package script '/home/mohamed/auto_ws/install/articubot_one/share/articubot_one/package.ps1'
[4.278s] INFO:colcon.colcon_core.shell:Creating package descriptor '/home/mohamed/auto_ws/install/articubot_one/share/articubot_one/package.dsv'
[4.280s] INFO:colcon.colcon_core.shell:Creating package script '/home/mohamed/auto_ws/install/articubot_one/share/articubot_one/package.sh'
[4.282s] INFO:colcon.colcon_core.shell:Creating package script '/home/mohamed/auto_ws/install/articubot_one/share/articubot_one/package.bash'
[4.284s] INFO:colcon.colcon_core.shell:Creating package script '/home/mohamed/auto_ws/install/articubot_one/share/articubot_one/package.zsh'
[4.320s] Level 1:colcon.colcon_core.environment:create_file_with_runtime_dependencies(/home/mohamed/auto_ws/install/articubot_one/share/colcon-core/packages/articubot_one)
[4.369s] Level 1:colcon.colcon_core.environment:create_environment_scripts_only(articubot_one)
[4.370s] Level 1:colcon.colcon_core.environment:checking '/home/mohamed/auto_ws/install/articubot_one' for CMake module files
[4.371s] Level 1:colcon.colcon_core.environment:checking '/home/mohamed/auto_ws/install/articubot_one' for CMake config files
[4.371s] Level 1:colcon.colcon_core.shell:create_environment_hook('articubot_one', 'cmake_prefix_path')
[4.372s] INFO:colcon.colcon_core.shell:Creating environment hook '/home/mohamed/auto_ws/install/articubot_one/share/articubot_one/hook/cmake_prefix_path.ps1'
[4.372s] INFO:colcon.colcon_core.shell:Creating environment descriptor '/home/mohamed/auto_ws/install/articubot_one/share/articubot_one/hook/cmake_prefix_path.dsv'
[4.373s] INFO:colcon.colcon_core.shell:Creating environment hook '/home/mohamed/auto_ws/install/articubot_one/share/articubot_one/hook/cmake_prefix_path.sh'
[4.375s] Level 1:colcon.colcon_core.environment:checking '/home/mohamed/auto_ws/install/articubot_one/bin'
[4.375s] Level 1:colcon.colcon_core.environment:checking '/home/mohamed/auto_ws/install/articubot_one/lib/pkgconfig/articubot_one.pc'
[4.375s] Level 1:colcon.colcon_core.environment:checking '/home/mohamed/auto_ws/install/articubot_one/lib/python3.10/site-packages'
[4.376s] Level 1:colcon.colcon_core.environment:checking '/home/mohamed/auto_ws/install/articubot_one/bin'
[4.377s] INFO:colcon.colcon_core.shell:Creating package script '/home/mohamed/auto_ws/install/articubot_one/share/articubot_one/package.ps1'
[4.378s] INFO:colcon.colcon_core.shell:Creating package descriptor '/home/mohamed/auto_ws/install/articubot_one/share/articubot_one/package.dsv'
[4.379s] INFO:colcon.colcon_core.shell:Creating package script '/home/mohamed/auto_ws/install/articubot_one/share/articubot_one/package.sh'
[4.381s] INFO:colcon.colcon_core.shell:Creating package script '/home/mohamed/auto_ws/install/articubot_one/share/articubot_one/package.bash'
[4.382s] INFO:colcon.colcon_core.shell:Creating package script '/home/mohamed/auto_ws/install/articubot_one/share/articubot_one/package.zsh'
[4.384s] Level 1:colcon.colcon_core.environment:create_file_with_runtime_dependencies(/home/mohamed/auto_ws/install/articubot_one/share/colcon-core/packages/articubot_one)
[4.385s] DEBUG:colcon.colcon_parallel_executor.executor.parallel:closing loop
[4.385s] DEBUG:colcon.colcon_parallel_executor.executor.parallel:loop closed
[4.385s] DEBUG:colcon.colcon_parallel_executor.executor.parallel:run_until_complete finished with '0'
[4.385s] DEBUG:colcon.colcon_core.event_reactor:joining thread
[4.405s] INFO:colcon.colcon_core.plugin_system:Skipping extension 'colcon_notification.desktop_notification.terminal_notifier': Not used on non-Darwin systems
[4.406s] INFO:colcon.colcon_core.plugin_system:Skipping extension 'colcon_notification.desktop_notification.win32': Not used on non-Windows systems
[4.406s] INFO:colcon.colcon_notification.desktop_notification:Sending desktop notification using 'notify2'
[4.429s] DEBUG:colcon.colcon_core.event_reactor:joined thread
[4.430s] INFO:colcon.colcon_core.shell:Creating prefix script '/home/mohamed/auto_ws/install/local_setup.ps1'
[4.432s] INFO:colcon.colcon_core.shell:Creating prefix util module '/home/mohamed/auto_ws/install/_local_setup_util_ps1.py'
[4.456s] INFO:colcon.colcon_core.shell:Creating prefix chain script '/home/mohamed/auto_ws/install/setup.ps1'
[4.459s] INFO:colcon.colcon_core.shell:Creating prefix script '/home/mohamed/auto_ws/install/local_setup.sh'
[4.469s] INFO:colcon.colcon_core.shell:Creating prefix util module '/home/mohamed/auto_ws/install/_local_setup_util_sh.py'
[4.470s] INFO:colcon.colcon_core.shell:Creating prefix chain script '/home/mohamed/auto_ws/install/setup.sh'
[4.472s] INFO:colcon.colcon_core.shell:Creating prefix script '/home/mohamed/auto_ws/install/local_setup.bash'
[4.477s] INFO:colcon.colcon_core.shell:Creating prefix chain script '/home/mohamed/auto_ws/install/setup.bash'
[4.480s] INFO:colcon.colcon_core.shell:Creating prefix script '/home/mohamed/auto_ws/install/local_setup.zsh'
[4.503s] INFO:colcon.colcon_core.shell:Creating prefix chain script '/home/mohamed/auto_ws/install/setup.zsh'
